<?xml version="1.0" encoding="UTF-8"?>
<!-- Generated by org.testng.reporters.JUnitReportReporter -->
<testsuite hostname="asabmoney" failures="0" tests="1" name="be.odisee.jzzz.JzzzLedenApplicationTests" time="0.006" errors="0" timestamp="2024-05-17T10:52:58 CEST" skipped="0">
  <testcase classname="be.odisee.jzzz.JzzzLedenApplicationTests" name="contextLoads" time="0.006"/>
</testsuite> <!-- be.odisee.jzzz.JzzzLedenApplicationTests -->
